{"/Users/rishubhanda/Desktop/MedLock_Dev/messaging_service/src/dbInterface.js": {"path":"/Users/rishubhanda/Desktop/MedLock_Dev/messaging_service/src/dbInterface.js","statementMap":{"0":{"start":{"line":1,"column":16},"end":{"line":1,"column":43}},"1":{"start":{"line":2,"column":13},"end":{"line":2,"column":37}},"2":{"start":{"line":9,"column":18},"end":{"line":9,"column":28}},"3":{"start":{"line":10,"column":4},"end":{"line":10,"column":26}},"4":{"start":{"line":11,"column":4},"end":{"line":11,"column":23}},"5":{"start":{"line":12,"column":4},"end":{"line":12,"column":30}},"6":{"start":{"line":14,"column":4},"end":{"line":25,"column":7}},"7":{"start":{"line":15,"column":8},"end":{"line":15,"column":33}},"8":{"start":{"line":15,"column":16},"end":{"line":15,"column":33}},"9":{"start":{"line":17,"column":8},"end":{"line":24,"column":9}},"10":{"start":{"line":18,"column":12},"end":{"line":18,"column":58}},"11":{"start":{"line":19,"column":12},"end":{"line":21,"column":53}},"12":{"start":{"line":20,"column":35},"end":{"line":20,"column":88}},"13":{"start":{"line":21,"column":32},"end":{"line":21,"column":49}},"14":{"start":{"line":23,"column":12},"end":{"line":23,"column":63}},"15":{"start":{"line":32,"column":18},"end":{"line":32,"column":28}},"16":{"start":{"line":33,"column":4},"end":{"line":33,"column":26}},"17":{"start":{"line":34,"column":4},"end":{"line":34,"column":23}},"18":{"start":{"line":35,"column":4},"end":{"line":35,"column":30}},"19":{"start":{"line":37,"column":4},"end":{"line":48,"column":7}},"20":{"start":{"line":38,"column":8},"end":{"line":38,"column":33}},"21":{"start":{"line":38,"column":16},"end":{"line":38,"column":33}},"22":{"start":{"line":40,"column":8},"end":{"line":47,"column":9}},"23":{"start":{"line":41,"column":12},"end":{"line":41,"column":58}},"24":{"start":{"line":42,"column":12},"end":{"line":44,"column":53}},"25":{"start":{"line":43,"column":35},"end":{"line":43,"column":87}},"26":{"start":{"line":44,"column":32},"end":{"line":44,"column":49}},"27":{"start":{"line":46,"column":12},"end":{"line":46,"column":75}},"28":{"start":{"line":56,"column":16},"end":{"line":56,"column":20}},"29":{"start":{"line":57,"column":4},"end":{"line":64,"column":7}},"30":{"start":{"line":58,"column":8},"end":{"line":58,"column":33}},"31":{"start":{"line":58,"column":16},"end":{"line":58,"column":33}},"32":{"start":{"line":60,"column":8},"end":{"line":62,"column":92}},"33":{"start":{"line":61,"column":12},"end":{"line":61,"column":52}},"34":{"start":{"line":62,"column":17},"end":{"line":62,"column":77}},"35":{"start":{"line":62,"column":78},"end":{"line":62,"column":90}},"36":{"start":{"line":66,"column":4},"end":{"line":66,"column":17}},"37":{"start":{"line":73,"column":16},"end":{"line":73,"column":20}},"38":{"start":{"line":74,"column":4},"end":{"line":81,"column":7}},"39":{"start":{"line":75,"column":8},"end":{"line":75,"column":33}},"40":{"start":{"line":75,"column":16},"end":{"line":75,"column":33}},"41":{"start":{"line":77,"column":8},"end":{"line":79,"column":92}},"42":{"start":{"line":78,"column":12},"end":{"line":78,"column":52}},"43":{"start":{"line":79,"column":17},"end":{"line":79,"column":77}},"44":{"start":{"line":79,"column":78},"end":{"line":79,"column":90}},"45":{"start":{"line":83,"column":4},"end":{"line":83,"column":17}},"46":{"start":{"line":86,"column":0},"end":{"line":86,"column":98}}},"fnMap":{"0":{"name":"saveTextFromPatient","decl":{"start":{"line":8,"column":9},"end":{"line":8,"column":28}},"loc":{"start":{"line":8,"column":44},"end":{"line":26,"column":1}},"line":8},"1":{"name":"(anonymous_1)","decl":{"start":{"line":14,"column":56},"end":{"line":14,"column":57}},"loc":{"start":{"line":14,"column":74},"end":{"line":25,"column":5}},"line":14},"2":{"name":"(anonymous_2)","decl":{"start":{"line":20,"column":22},"end":{"line":20,"column":23}},"loc":{"start":{"line":20,"column":33},"end":{"line":20,"column":89}},"line":20},"3":{"name":"(anonymous_3)","decl":{"start":{"line":21,"column":23},"end":{"line":21,"column":24}},"loc":{"start":{"line":21,"column":30},"end":{"line":21,"column":51}},"line":21},"4":{"name":"saveTextFromServer","decl":{"start":{"line":31,"column":9},"end":{"line":31,"column":27}},"loc":{"start":{"line":31,"column":45},"end":{"line":50,"column":1}},"line":31},"5":{"name":"(anonymous_5)","decl":{"start":{"line":37,"column":58},"end":{"line":37,"column":59}},"loc":{"start":{"line":37,"column":76},"end":{"line":48,"column":5}},"line":37},"6":{"name":"(anonymous_6)","decl":{"start":{"line":43,"column":22},"end":{"line":43,"column":23}},"loc":{"start":{"line":43,"column":33},"end":{"line":43,"column":88}},"line":43},"7":{"name":"(anonymous_7)","decl":{"start":{"line":44,"column":23},"end":{"line":44,"column":24}},"loc":{"start":{"line":44,"column":30},"end":{"line":44,"column":51}},"line":44},"8":{"name":"getAllTextsById","decl":{"start":{"line":55,"column":9},"end":{"line":55,"column":24}},"loc":{"start":{"line":55,"column":33},"end":{"line":67,"column":1}},"line":55},"9":{"name":"(anonymous_9)","decl":{"start":{"line":57,"column":37},"end":{"line":57,"column":38}},"loc":{"start":{"line":57,"column":55},"end":{"line":64,"column":5}},"line":57},"10":{"name":"getAllTextsByPhone","decl":{"start":{"line":72,"column":9},"end":{"line":72,"column":27}},"loc":{"start":{"line":72,"column":38},"end":{"line":84,"column":1}},"line":72},"11":{"name":"(anonymous_11)","decl":{"start":{"line":74,"column":56},"end":{"line":74,"column":57}},"loc":{"start":{"line":74,"column":74},"end":{"line":81,"column":5}},"line":74}},"branchMap":{"0":{"loc":{"start":{"line":15,"column":8},"end":{"line":15,"column":33}},"type":"if","locations":[{"start":{"line":15,"column":8},"end":{"line":15,"column":33}},{"start":{"line":15,"column":8},"end":{"line":15,"column":33}}],"line":15},"1":{"loc":{"start":{"line":17,"column":8},"end":{"line":24,"column":9}},"type":"if","locations":[{"start":{"line":17,"column":8},"end":{"line":24,"column":9}},{"start":{"line":17,"column":8},"end":{"line":24,"column":9}}],"line":17},"2":{"loc":{"start":{"line":38,"column":8},"end":{"line":38,"column":33}},"type":"if","locations":[{"start":{"line":38,"column":8},"end":{"line":38,"column":33}},{"start":{"line":38,"column":8},"end":{"line":38,"column":33}}],"line":38},"3":{"loc":{"start":{"line":40,"column":8},"end":{"line":47,"column":9}},"type":"if","locations":[{"start":{"line":40,"column":8},"end":{"line":47,"column":9}},{"start":{"line":40,"column":8},"end":{"line":47,"column":9}}],"line":40},"4":{"loc":{"start":{"line":58,"column":8},"end":{"line":58,"column":33}},"type":"if","locations":[{"start":{"line":58,"column":8},"end":{"line":58,"column":33}},{"start":{"line":58,"column":8},"end":{"line":58,"column":33}}],"line":58},"5":{"loc":{"start":{"line":60,"column":8},"end":{"line":62,"column":92}},"type":"if","locations":[{"start":{"line":60,"column":8},"end":{"line":62,"column":92}},{"start":{"line":60,"column":8},"end":{"line":62,"column":92}}],"line":60},"6":{"loc":{"start":{"line":75,"column":8},"end":{"line":75,"column":33}},"type":"if","locations":[{"start":{"line":75,"column":8},"end":{"line":75,"column":33}},{"start":{"line":75,"column":8},"end":{"line":75,"column":33}}],"line":75},"7":{"loc":{"start":{"line":77,"column":8},"end":{"line":79,"column":92}},"type":"if","locations":[{"start":{"line":77,"column":8},"end":{"line":79,"column":92}},{"start":{"line":77,"column":8},"end":{"line":79,"column":92}}],"line":77}},"s":{"0":1,"1":1,"2":0,"3":0,"4":0,"5":0,"6":0,"7":0,"8":0,"9":0,"10":0,"11":0,"12":0,"13":0,"14":0,"15":0,"16":0,"17":0,"18":0,"19":0,"20":0,"21":0,"22":0,"23":0,"24":0,"25":0,"26":0,"27":0,"28":0,"29":0,"30":0,"31":0,"32":0,"33":0,"34":0,"35":0,"36":0,"37":0,"38":0,"39":0,"40":0,"41":0,"42":0,"43":0,"44":0,"45":0,"46":1},"f":{"0":0,"1":0,"2":0,"3":0,"4":0,"5":0,"6":0,"7":0,"8":0,"9":0,"10":0,"11":0},"b":{"0":[0,0],"1":[0,0],"2":[0,0],"3":[0,0],"4":[0,0],"5":[0,0],"6":[0,0],"7":[0,0]},"_coverageSchema":"1a1c01bbd47fc00a2c39e90264f33305004495a9","hash":"7234585dd6c74b488c2601bc3a04076242f80049"}
,"/Users/rishubhanda/Desktop/MedLock_Dev/messaging_service/src/models/Patient.js": {"path":"/Users/rishubhanda/Desktop/MedLock_Dev/messaging_service/src/models/Patient.js","statementMap":{"0":{"start":{"line":1,"column":17},"end":{"line":1,"column":36}},"1":{"start":{"line":2,"column":15},"end":{"line":2,"column":30}},"2":{"start":{"line":4,"column":24},"end":{"line":4,"column":60}},"3":{"start":{"line":5,"column":27},"end":{"line":5,"column":66}},"4":{"start":{"line":6,"column":25},"end":{"line":6,"column":62}},"5":{"start":{"line":7,"column":27},"end":{"line":7,"column":66}},"6":{"start":{"line":8,"column":22},"end":{"line":8,"column":56}},"7":{"start":{"line":9,"column":19},"end":{"line":9,"column":61}},"8":{"start":{"line":10,"column":19},"end":{"line":10,"column":61}},"9":{"start":{"line":14,"column":22},"end":{"line":92,"column":2}},"10":{"start":{"line":94,"column":0},"end":{"line":94,"column":68}}},"fnMap":{},"branchMap":{},"s":{"0":1,"1":1,"2":1,"3":1,"4":1,"5":1,"6":1,"7":1,"8":1,"9":1,"10":1},"f":{},"b":{},"_coverageSchema":"1a1c01bbd47fc00a2c39e90264f33305004495a9","hash":"e10b09c463c723c7770f300e8939db3fac1e73d5"}
,"/Users/rishubhanda/Desktop/MedLock_Dev/messaging_service/src/models/Text.js": {"path":"/Users/rishubhanda/Desktop/MedLock_Dev/messaging_service/src/models/Text.js","statementMap":{"0":{"start":{"line":1,"column":17},"end":{"line":1,"column":36}},"1":{"start":{"line":2,"column":19},"end":{"line":2,"column":61}},"2":{"start":{"line":4,"column":0},"end":{"line":4,"column":59}}},"fnMap":{},"branchMap":{},"s":{"0":1,"1":1,"2":1},"f":{},"b":{},"_coverageSchema":"1a1c01bbd47fc00a2c39e90264f33305004495a9","hash":"0396236c8d9e5fca1c239957138edd59a7fd27ff"}
,"/Users/rishubhanda/Desktop/MedLock_Dev/messaging_service/src/models/schemas/CheckInSchema.js": {"path":"/Users/rishubhanda/Desktop/MedLock_Dev/messaging_service/src/models/schemas/CheckInSchema.js","statementMap":{"0":{"start":{"line":1,"column":17},"end":{"line":1,"column":36}},"1":{"start":{"line":2,"column":15},"end":{"line":2,"column":30}},"2":{"start":{"line":4,"column":22},"end":{"line":12,"column":2}},"3":{"start":{"line":14,"column":0},"end":{"line":14,"column":31}}},"fnMap":{},"branchMap":{},"s":{"0":1,"1":1,"2":1,"3":1},"f":{},"b":{},"_coverageSchema":"1a1c01bbd47fc00a2c39e90264f33305004495a9","hash":"b50b1a0189724f93b65ff85f023a6b87d25b6560"}
,"/Users/rishubhanda/Desktop/MedLock_Dev/messaging_service/src/models/schemas/ExitSurveySchema.js": {"path":"/Users/rishubhanda/Desktop/MedLock_Dev/messaging_service/src/models/schemas/ExitSurveySchema.js","statementMap":{"0":{"start":{"line":1,"column":17},"end":{"line":1,"column":36}},"1":{"start":{"line":2,"column":15},"end":{"line":2,"column":30}},"2":{"start":{"line":4,"column":25},"end":{"line":12,"column":2}},"3":{"start":{"line":14,"column":0},"end":{"line":14,"column":34}}},"fnMap":{},"branchMap":{},"s":{"0":1,"1":1,"2":1,"3":1},"f":{},"b":{},"_coverageSchema":"1a1c01bbd47fc00a2c39e90264f33305004495a9","hash":"4b91a42fc27196e1e1e4a504dfccd57afe3b8b42"}
,"/Users/rishubhanda/Desktop/MedLock_Dev/messaging_service/src/models/schemas/IntakeSurveySchema.js": {"path":"/Users/rishubhanda/Desktop/MedLock_Dev/messaging_service/src/models/schemas/IntakeSurveySchema.js","statementMap":{"0":{"start":{"line":1,"column":17},"end":{"line":1,"column":36}},"1":{"start":{"line":2,"column":15},"end":{"line":2,"column":30}},"2":{"start":{"line":4,"column":27},"end":{"line":12,"column":2}},"3":{"start":{"line":14,"column":0},"end":{"line":14,"column":36}}},"fnMap":{},"branchMap":{},"s":{"0":1,"1":1,"2":1,"3":1},"f":{},"b":{},"_coverageSchema":"1a1c01bbd47fc00a2c39e90264f33305004495a9","hash":"fc3f3104a864877d8eebe4b181bd7dedd7999535"}
,"/Users/rishubhanda/Desktop/MedLock_Dev/messaging_service/src/models/schemas/PDISurveySchema.js": {"path":"/Users/rishubhanda/Desktop/MedLock_Dev/messaging_service/src/models/schemas/PDISurveySchema.js","statementMap":{"0":{"start":{"line":1,"column":17},"end":{"line":1,"column":36}},"1":{"start":{"line":2,"column":15},"end":{"line":2,"column":30}},"2":{"start":{"line":5,"column":24},"end":{"line":13,"column":2}},"3":{"start":{"line":15,"column":0},"end":{"line":15,"column":33}}},"fnMap":{},"branchMap":{},"s":{"0":1,"1":1,"2":1,"3":1},"f":{},"b":{},"_coverageSchema":"1a1c01bbd47fc00a2c39e90264f33305004495a9","hash":"b1c84f84baa72151f112a74d230c7ec400c5567d"}
,"/Users/rishubhanda/Desktop/MedLock_Dev/messaging_service/src/models/schemas/PrescriptionSchema.js": {"path":"/Users/rishubhanda/Desktop/MedLock_Dev/messaging_service/src/models/schemas/PrescriptionSchema.js","statementMap":{"0":{"start":{"line":1,"column":17},"end":{"line":1,"column":36}},"1":{"start":{"line":2,"column":15},"end":{"line":2,"column":30}},"2":{"start":{"line":5,"column":27},"end":{"line":15,"column":2}},"3":{"start":{"line":17,"column":0},"end":{"line":17,"column":36}}},"fnMap":{},"branchMap":{},"s":{"0":1,"1":1,"2":1,"3":1},"f":{},"b":{},"_coverageSchema":"1a1c01bbd47fc00a2c39e90264f33305004495a9","hash":"4fb069503e4ec4465f397e75f42e8e417c52236b"}
,"/Users/rishubhanda/Desktop/MedLock_Dev/messaging_service/src/models/textServiceSchemas/TextSchema.js": {"path":"/Users/rishubhanda/Desktop/MedLock_Dev/messaging_service/src/models/textServiceSchemas/TextSchema.js","statementMap":{"0":{"start":{"line":1,"column":17},"end":{"line":1,"column":36}},"1":{"start":{"line":2,"column":15},"end":{"line":2,"column":30}},"2":{"start":{"line":4,"column":19},"end":{"line":17,"column":2}},"3":{"start":{"line":19,"column":0},"end":{"line":19,"column":28}}},"fnMap":{},"branchMap":{},"s":{"0":1,"1":1,"2":1,"3":1},"f":{},"b":{},"_coverageSchema":"1a1c01bbd47fc00a2c39e90264f33305004495a9","hash":"484d730777ee77ca255b9a6ccd5b62581347f273"}
,"/Users/rishubhanda/Desktop/MedLock_Dev/messaging_service/src/models/textServiceSchemas/TimeSchema.js": {"path":"/Users/rishubhanda/Desktop/MedLock_Dev/messaging_service/src/models/textServiceSchemas/TimeSchema.js","statementMap":{"0":{"start":{"line":1,"column":17},"end":{"line":1,"column":36}},"1":{"start":{"line":2,"column":15},"end":{"line":2,"column":30}},"2":{"start":{"line":4,"column":19},"end":{"line":13,"column":2}},"3":{"start":{"line":15,"column":0},"end":{"line":15,"column":28}}},"fnMap":{},"branchMap":{},"s":{"0":1,"1":1,"2":1,"3":1},"f":{},"b":{},"_coverageSchema":"1a1c01bbd47fc00a2c39e90264f33305004495a9","hash":"0ce947080b4077ae9a7869906c5b0f4db3e591d6"}
}
