TN:
SF:src/dbInterface.js
FN:8,saveTextFromPatient
FN:14,(anonymous_1)
FN:20,(anonymous_2)
FN:21,(anonymous_3)
FN:31,saveTextFromServer
FN:37,(anonymous_5)
FN:43,(anonymous_6)
FN:44,(anonymous_7)
FN:55,getAllTextsById
FN:57,(anonymous_9)
FN:72,getAllTextsByPhone
FN:74,(anonymous_11)
FNF:12
FNH:0
FNDA:0,saveTextFromPatient
FNDA:0,(anonymous_1)
FNDA:0,(anonymous_2)
FNDA:0,(anonymous_3)
FNDA:0,saveTextFromServer
FNDA:0,(anonymous_5)
FNDA:0,(anonymous_6)
FNDA:0,(anonymous_7)
FNDA:0,getAllTextsById
FNDA:0,(anonymous_9)
FNDA:0,getAllTextsByPhone
FNDA:0,(anonymous_11)
DA:1,1
DA:2,1
DA:9,0
DA:10,0
DA:11,0
DA:12,0
DA:14,0
DA:15,0
DA:17,0
DA:18,0
DA:19,0
DA:20,0
DA:21,0
DA:23,0
DA:32,0
DA:33,0
DA:34,0
DA:35,0
DA:37,0
DA:38,0
DA:40,0
DA:41,0
DA:42,0
DA:43,0
DA:44,0
DA:46,0
DA:56,0
DA:57,0
DA:58,0
DA:60,0
DA:61,0
DA:62,0
DA:66,0
DA:73,0
DA:74,0
DA:75,0
DA:77,0
DA:78,0
DA:79,0
DA:83,0
DA:86,1
LF:41
LH:3
BRDA:15,0,0,0
BRDA:15,0,1,0
BRDA:17,1,0,0
BRDA:17,1,1,0
BRDA:38,2,0,0
BRDA:38,2,1,0
BRDA:40,3,0,0
BRDA:40,3,1,0
BRDA:58,4,0,0
BRDA:58,4,1,0
BRDA:60,5,0,0
BRDA:60,5,1,0
BRDA:75,6,0,0
BRDA:75,6,1,0
BRDA:77,7,0,0
BRDA:77,7,1,0
BRF:16
BRH:0
end_of_record
TN:
SF:src/models/Patient.js
FNF:0
FNH:0
DA:1,1
DA:2,1
DA:4,1
DA:5,1
DA:6,1
DA:7,1
DA:8,1
DA:9,1
DA:10,1
DA:14,1
DA:94,1
LF:11
LH:11
BRF:0
BRH:0
end_of_record
TN:
SF:src/models/Text.js
FNF:0
FNH:0
DA:1,1
DA:2,1
DA:4,1
LF:3
LH:3
BRF:0
BRH:0
end_of_record
TN:
SF:src/models/schemas/CheckInSchema.js
FNF:0
FNH:0
DA:1,1
DA:2,1
DA:4,1
DA:14,1
LF:4
LH:4
BRF:0
BRH:0
end_of_record
TN:
SF:src/models/schemas/ExitSurveySchema.js
FNF:0
FNH:0
DA:1,1
DA:2,1
DA:4,1
DA:14,1
LF:4
LH:4
BRF:0
BRH:0
end_of_record
TN:
SF:src/models/schemas/IntakeSurveySchema.js
FNF:0
FNH:0
DA:1,1
DA:2,1
DA:4,1
DA:14,1
LF:4
LH:4
BRF:0
BRH:0
end_of_record
TN:
SF:src/models/schemas/PDISurveySchema.js
FNF:0
FNH:0
DA:1,1
DA:2,1
DA:5,1
DA:15,1
LF:4
LH:4
BRF:0
BRH:0
end_of_record
TN:
SF:src/models/schemas/PrescriptionSchema.js
FNF:0
FNH:0
DA:1,1
DA:2,1
DA:5,1
DA:17,1
LF:4
LH:4
BRF:0
BRH:0
end_of_record
TN:
SF:src/models/textServiceSchemas/TextSchema.js
FNF:0
FNH:0
DA:1,1
DA:2,1
DA:4,1
DA:19,1
LF:4
LH:4
BRF:0
BRH:0
end_of_record
TN:
SF:src/models/textServiceSchemas/TimeSchema.js
FNF:0
FNH:0
DA:1,1
DA:2,1
DA:4,1
DA:15,1
LF:4
LH:4
BRF:0
BRH:0
end_of_record
